{
"contracts\\BonusRewards.sol":{"l":{"41":14,"42":13,"46":1,"50":3,"54":2,"55":2,"56":2,"57":2,"59":2,"60":2,"61":2,"62":2,"63":2,"64":2,"65":2,"66":2,"67":2,"70":2,"74":1,"78":1,"82":0,"87":7,"88":7,"89":5,"90":5,"91":1,"92":1,"95":4,"96":5,"97":5,"98":5,"99":5,"102":4,"106":6,"107":6,"109":3,"110":3,"111":3,"115":0,"116":0,"121":3,"122":3,"124":3,"125":3,"126":3,"127":3,"128":3,"130":3,"131":3,"136":1,"138":1,"139":1,"140":1,"141":1,"142":1,"144":1,"145":1,"150":1,"151":1,"152":1,"153":1,"154":1,"165":6,"166":5,"169":5,"170":5,"171":5,"172":5,"173":5,"175":3,"176":2,"180":3,"181":3,"182":3,"183":3,"185":3,"187":3,"204":1,"206":1,"207":1,"208":1,"210":1,"211":1,"212":1,"213":1,"215":1,"217":1,"218":1,"228":2,"229":1,"230":1,"231":1,"232":1,"236":2,"237":2,"238":2,"244":0,"245":0,"246":0,"252":4,"254":3,"255":3,"257":2,"258":2,"259":2,"260":1,"261":1,"264":2,"265":0,"267":2,"272":1,"276":3,"277":2,"281":7,"282":7,"283":7,"285":9,"286":3,"288":6,"295":7,"296":7,"297":7,"298":7,"299":7,"301":0,"302":0,"307":7,"309":7,"310":7,"311":7,"312":7,"317":7,"318":5,"319":5,"320":5,"321":7,"322":7,"323":7,"324":5,"325":5,"333":10,"335":9,"336":9,"337":7,"340":2},"path":"D:\\dev\\github-mimir-solutions\\cover-rewards\\contracts\\BonusRewards.sol","s":{"1":14,"2":1,"3":3,"4":2,"5":2,"6":2,"7":2,"8":0,"9":2,"10":2,"11":2,"12":2,"13":2,"14":2,"15":2,"16":2,"17":2,"18":2,"19":1,"20":1,"21":0,"22":7,"23":7,"24":2,"25":5,"26":5,"27":1,"28":1,"29":4,"30":5,"31":5,"32":5,"33":5,"34":4,"35":6,"36":6,"37":3,"38":3,"39":3,"40":3,"41":0,"42":0,"43":3,"44":3,"45":3,"46":3,"47":3,"48":3,"49":3,"50":3,"51":3,"52":1,"53":1,"54":1,"55":1,"56":1,"57":1,"58":1,"59":1,"60":1,"61":1,"62":1,"63":1,"64":1,"65":6,"66":5,"67":5,"68":5,"69":5,"70":5,"71":5,"72":3,"73":2,"74":3,"75":3,"76":3,"77":3,"78":3,"79":3,"80":1,"81":1,"82":1,"83":1,"84":1,"85":1,"86":1,"87":1,"88":1,"89":1,"90":1,"91":2,"92":1,"93":1,"94":1,"95":1,"96":2,"97":2,"98":2,"99":0,"100":0,"101":0,"102":4,"103":3,"104":3,"105":2,"106":2,"107":2,"108":1,"109":1,"110":2,"111":0,"112":2,"113":1,"114":3,"115":2,"116":7,"117":7,"118":7,"119":9,"120":3,"121":6,"122":7,"123":7,"124":7,"125":7,"126":7,"127":0,"128":0,"129":0,"130":7,"131":0,"132":7,"133":7,"134":7,"135":7,"136":7,"137":5,"138":5,"139":5,"140":7,"141":7,"142":7,"143":5,"144":5,"145":10,"146":1,"147":9,"148":9,"149":7,"150":2},"b":{"1":[13,1],"2":[0,2],"3":[2,0],"4":[2,5],"5":[1,4],"6":[5,0],"7":[3,3],"8":[3,0],"9":[3,0],"10":[5,1],"11":[5,0],"12":[5,0],"13":[3,2],"14":[2,1],"15":[1,1],"16":[1,0],"17":[1,0],"18":[1,0],"19":[1,0],"20":[3,1],"21":[2,1],"22":[2,0],"23":[1,1],"24":[0,2],"25":[2,1],"26":[3,6],"27":[7,0],"28":[0,0],"29":[0,7],"30":[5,2],"31":[5,2],"32":[1,9],"33":[7,2]},"f":{"1":14,"2":1,"3":3,"4":2,"5":1,"6":1,"7":0,"8":7,"9":6,"10":0,"11":3,"12":1,"13":1,"14":6,"15":1,"16":2,"17":0,"18":4,"19":1,"20":3,"21":7,"22":7,"23":7,"24":7,"25":10},"fnMap":{"1":{"name":"notPaused","line":40,"loc":{"start":{"line":40,"column":2},"end":{"line":43,"column":2}}},"2":{"name":"getPoolList","line":45,"loc":{"start":{"line":45,"column":2},"end":{"line":47,"column":2}}},"3":{"name":"getPool","line":49,"loc":{"start":{"line":49,"column":2},"end":{"line":51,"column":2}}},"4":{"name":"viewRewards","line":53,"loc":{"start":{"line":53,"column":2},"end":{"line":71,"column":2}}},"5":{"name":"getUser","line":73,"loc":{"start":{"line":73,"column":2},"end":{"line":75,"column":2}}},"6":{"name":"getAuthorizers","line":77,"loc":{"start":{"line":77,"column":2},"end":{"line":79,"column":2}}},"7":{"name":"getResponders","line":81,"loc":{"start":{"line":81,"column":2},"end":{"line":83,"column":2}}},"8":{"name":"updatePool","line":86,"loc":{"start":{"line":86,"column":2},"end":{"line":103,"column":2}}},"9":{"name":"claimRewards","line":105,"loc":{"start":{"line":105,"column":2},"end":{"line":112,"column":2}}},"10":{"name":"claimRewardsForPools","line":114,"loc":{"start":{"line":114,"column":2},"end":{"line":118,"column":2}}},"11":{"name":"deposit","line":120,"loc":{"start":{"line":120,"column":2},"end":{"line":132,"column":2}}},"12":{"name":"withdraw","line":135,"loc":{"start":{"line":135,"column":2},"end":{"line":146,"column":2}}},"13":{"name":"emergencyWithdraw","line":149,"loc":{"start":{"line":149,"column":2},"end":{"line":155,"column":2}}},"14":{"name":"addBonus","line":164,"loc":{"start":{"line":158,"column":2},"end":{"line":195,"column":2}}},"15":{"name":"extendBonus","line":203,"loc":{"start":{"line":198,"column":2},"end":{"line":219,"column":2}}},"16":{"name":"addPoolsAndAllowBonus","line":226,"loc":{"start":{"line":222,"column":2},"end":{"line":240,"column":2}}},"17":{"name":"updatePools","line":243,"loc":{"start":{"line":243,"column":2},"end":{"line":248,"column":2}}},"18":{"name":"collectDust","line":251,"loc":{"start":{"line":251,"column":2},"end":{"line":269,"column":2}}},"19":{"name":"setResponders","line":271,"loc":{"start":{"line":271,"column":2},"end":{"line":273,"column":2}}},"20":{"name":"setPaused","line":275,"loc":{"start":{"line":275,"column":2},"end":{"line":278,"column":2}}},"21":{"name":"_updateUserWriteoffs","line":280,"loc":{"start":{"line":280,"column":2},"end":{"line":291,"column":2}}},"22":{"name":"_safeTransfer","line":294,"loc":{"start":{"line":294,"column":2},"end":{"line":304,"column":2}}},"23":{"name":"_calRewardsForTime","line":306,"loc":{"start":{"line":306,"column":2},"end":{"line":313,"column":2}}},"24":{"name":"_claimRewards","line":315,"loc":{"start":{"line":315,"column":2},"end":{"line":329,"column":2}}},"25":{"name":"_isAuthorized","line":332,"loc":{"start":{"line":332,"column":2},"end":{"line":341,"column":2}}}},"statementMap":{"1":{"start":{"line":41,"column":4},"end":{"line":41,"column":43}},"2":{"start":{"line":46,"column":4},"end":{"line":46,"column":19}},"3":{"start":{"line":50,"column":4},"end":{"line":50,"column":26}},"4":{"start":{"line":54,"column":4},"end":{"line":54,"column":38}},"5":{"start":{"line":55,"column":4},"end":{"line":55,"column":45}},"6":{"start":{"line":56,"column":4},"end":{"line":56,"column":65}},"7":{"start":{"line":57,"column":4},"end":{"line":57,"column":40}},"8":{"start":{"line":57,"column":26},"end":{"line":57,"column":40}},"9":{"start":{"line":59,"column":4},"end":{"line":59,"column":62}},"10":{"start":{"line":60,"column":4},"end":{"line":60,"column":2163}},"11":{"start":{"line":61,"column":6},"end":{"line":61,"column":42}},"12":{"start":{"line":62,"column":6},"end":{"line":62,"column":2265}},"13":{"start":{"line":63,"column":8},"end":{"line":63,"column":67}},"14":{"start":{"line":64,"column":8},"end":{"line":64,"column":76}},"15":{"start":{"line":65,"column":8},"end":{"line":65,"column":81}},"16":{"start":{"line":66,"column":8},"end":{"line":66,"column":89}},"17":{"start":{"line":67,"column":8},"end":{"line":67,"column":82}},"18":{"start":{"line":70,"column":4},"end":{"line":70,"column":18}},"19":{"start":{"line":74,"column":4},"end":{"line":74,"column":71}},"20":{"start":{"line":78,"column":4},"end":{"line":78,"column":51}},"21":{"start":{"line":82,"column":4},"end":{"line":82,"column":21}},"22":{"start":{"line":87,"column":4},"end":{"line":87,"column":39}},"23":{"start":{"line":88,"column":4},"end":{"line":88,"column":53}},"24":{"start":{"line":88,"column":47},"end":{"line":88,"column":53}},"25":{"start":{"line":89,"column":4},"end":{"line":89,"column":63}},"26":{"start":{"line":90,"column":4},"end":{"line":90,"column":3568}},"27":{"start":{"line":91,"column":6},"end":{"line":91,"column":41}},"28":{"start":{"line":92,"column":6},"end":{"line":92,"column":12}},"29":{"start":{"line":95,"column":4},"end":{"line":95,"column":3662}},"30":{"start":{"line":96,"column":6},"end":{"line":96,"column":43}},"31":{"start":{"line":97,"column":6},"end":{"line":97,"column":3770}},"32":{"start":{"line":98,"column":8},"end":{"line":98,"column":76}},"33":{"start":{"line":99,"column":8},"end":{"line":99,"column":83}},"34":{"start":{"line":102,"column":4},"end":{"line":102,"column":39}},"35":{"start":{"line":106,"column":4},"end":{"line":106,"column":50}},"36":{"start":{"line":107,"column":4},"end":{"line":107,"column":32}},"37":{"start":{"line":107,"column":26},"end":{"line":107,"column":32}},"38":{"start":{"line":109,"column":4},"end":{"line":109,"column":23}},"39":{"start":{"line":110,"column":4},"end":{"line":110,"column":32}},"40":{"start":{"line":111,"column":4},"end":{"line":111,"column":33}},"41":{"start":{"line":115,"column":4},"end":{"line":115,"column":4425}},"42":{"start":{"line":116,"column":6},"end":{"line":116,"column":31}},"43":{"start":{"line":121,"column":4},"end":{"line":121,"column":81}},"44":{"start":{"line":122,"column":4},"end":{"line":122,"column":97}},"45":{"start":{"line":124,"column":4},"end":{"line":124,"column":23}},"46":{"start":{"line":125,"column":4},"end":{"line":125,"column":51}},"47":{"start":{"line":126,"column":4},"end":{"line":126,"column":32}},"48":{"start":{"line":127,"column":4},"end":{"line":127,"column":38}},"49":{"start":{"line":128,"column":4},"end":{"line":128,"column":33}},"50":{"start":{"line":130,"column":4},"end":{"line":130,"column":72}},"51":{"start":{"line":131,"column":4},"end":{"line":131,"column":47}},"52":{"start":{"line":136,"column":4},"end":{"line":136,"column":23}},"53":{"start":{"line":138,"column":4},"end":{"line":138,"column":51}},"54":{"start":{"line":139,"column":4},"end":{"line":139,"column":32}},"55":{"start":{"line":140,"column":4},"end":{"line":140,"column":66}},"56":{"start":{"line":141,"column":4},"end":{"line":141,"column":37}},"57":{"start":{"line":142,"column":4},"end":{"line":142,"column":33}},"58":{"start":{"line":144,"column":4},"end":{"line":144,"column":34}},"59":{"start":{"line":145,"column":4},"end":{"line":145,"column":47}},"60":{"start":{"line":150,"column":4},"end":{"line":150,"column":51}},"61":{"start":{"line":151,"column":4},"end":{"line":151,"column":32}},"62":{"start":{"line":152,"column":4},"end":{"line":152,"column":18}},"63":{"start":{"line":153,"column":4},"end":{"line":153,"column":34}},"64":{"start":{"line":154,"column":4},"end":{"line":154,"column":47}},"65":{"start":{"line":165,"column":4},"end":{"line":165,"column":118}},"66":{"start":{"line":166,"column":4},"end":{"line":166,"column":80}},"67":{"start":{"line":169,"column":4},"end":{"line":169,"column":38}},"68":{"start":{"line":170,"column":4},"end":{"line":170,"column":72}},"69":{"start":{"line":171,"column":4},"end":{"line":171,"column":41}},"70":{"start":{"line":172,"column":4},"end":{"line":172,"column":6707}},"71":{"start":{"line":173,"column":6},"end":{"line":173,"column":6763}},"72":{"start":{"line":175,"column":8},"end":{"line":175,"column":107}},"73":{"start":{"line":176,"column":8},"end":{"line":176,"column":84}},"74":{"start":{"line":180,"column":4},"end":{"line":180,"column":51}},"75":{"start":{"line":181,"column":4},"end":{"line":181,"column":67}},"76":{"start":{"line":182,"column":4},"end":{"line":182,"column":78}},"77":{"start":{"line":183,"column":4},"end":{"line":183,"column":78}},"78":{"start":{"line":185,"column":4},"end":{"line":185,"column":69}},"79":{"start":{"line":187,"column":4},"end":{"line":187,"column":7598}},"80":{"start":{"line":204,"column":4},"end":{"line":204,"column":118}},"81":{"start":{"line":206,"column":4},"end":{"line":206,"column":62}},"82":{"start":{"line":207,"column":4},"end":{"line":207,"column":92}},"83":{"start":{"line":208,"column":4},"end":{"line":208,"column":104}},"84":{"start":{"line":210,"column":4},"end":{"line":210,"column":51}},"85":{"start":{"line":211,"column":4},"end":{"line":211,"column":67}},"86":{"start":{"line":212,"column":4},"end":{"line":212,"column":78}},"87":{"start":{"line":213,"column":4},"end":{"line":213,"column":78}},"88":{"start":{"line":215,"column":4},"end":{"line":215,"column":77}},"89":{"start":{"line":217,"column":4},"end":{"line":217,"column":58}},"90":{"start":{"line":218,"column":4},"end":{"line":218,"column":77}},"91":{"start":{"line":228,"column":4},"end":{"line":228,"column":9487}},"92":{"start":{"line":229,"column":6},"end":{"line":229,"column":44}},"93":{"start":{"line":230,"column":6},"end":{"line":230,"column":66}},"94":{"start":{"line":231,"column":6},"end":{"line":231,"column":56}},"95":{"start":{"line":232,"column":6},"end":{"line":232,"column":32}},"96":{"start":{"line":236,"column":4},"end":{"line":236,"column":9853}},"97":{"start":{"line":237,"column":6},"end":{"line":237,"column":64}},"98":{"start":{"line":238,"column":6},"end":{"line":238,"column":47}},"99":{"start":{"line":244,"column":4},"end":{"line":244,"column":44}},"100":{"start":{"line":245,"column":4},"end":{"line":245,"column":10232}},"101":{"start":{"line":246,"column":6},"end":{"line":246,"column":32}},"102":{"start":{"line":252,"column":4},"end":{"line":252,"column":82}},"103":{"start":{"line":254,"column":4},"end":{"line":254,"column":61}},"104":{"start":{"line":255,"column":4},"end":{"line":255,"column":10643}},"105":{"start":{"line":257,"column":6},"end":{"line":257,"column":64}},"106":{"start":{"line":258,"column":6},"end":{"line":258,"column":72}},"107":{"start":{"line":259,"column":6},"end":{"line":259,"column":79}},"108":{"start":{"line":260,"column":6},"end":{"line":260,"column":29}},"109":{"start":{"line":261,"column":6},"end":{"line":261,"column":55}},"110":{"start":{"line":264,"column":4},"end":{"line":264,"column":11035}},"111":{"start":{"line":265,"column":6},"end":{"line":265,"column":53}},"112":{"start":{"line":267,"column":6},"end":{"line":267,"column":46}},"113":{"start":{"line":272,"column":4},"end":{"line":272,"column":27}},"114":{"start":{"line":276,"column":4},"end":{"line":276,"column":87}},"115":{"start":{"line":277,"column":4},"end":{"line":277,"column":19}},"116":{"start":{"line":281,"column":4},"end":{"line":281,"column":52}},"117":{"start":{"line":282,"column":4},"end":{"line":282,"column":51}},"118":{"start":{"line":283,"column":4},"end":{"line":283,"column":11702}},"119":{"start":{"line":285,"column":6},"end":{"line":285,"column":11823}},"120":{"start":{"line":286,"column":8},"end":{"line":286,"column":95}},"121":{"start":{"line":288,"column":8},"end":{"line":288,"column":94}},"122":{"start":{"line":295,"column":4},"end":{"line":295,"column":33}},"123":{"start":{"line":296,"column":4},"end":{"line":296,"column":52}},"124":{"start":{"line":297,"column":4},"end":{"line":297,"column":12344}},"125":{"start":{"line":298,"column":6},"end":{"line":298,"column":44}},"126":{"start":{"line":299,"column":6},"end":{"line":299,"column":27}},"127":{"start":{"line":300,"column":11},"end":{"line":300,"column":12460}},"128":{"start":{"line":301,"column":6},"end":{"line":301,"column":44}},"129":{"start":{"line":302,"column":6},"end":{"line":302,"column":27}},"130":{"start":{"line":307,"column":4},"end":{"line":307,"column":50}},"131":{"start":{"line":307,"column":42},"end":{"line":307,"column":50}},"132":{"start":{"line":309,"column":4},"end":{"line":309,"column":92}},"133":{"start":{"line":310,"column":4},"end":{"line":310,"column":96}},"134":{"start":{"line":311,"column":4},"end":{"line":311,"column":50}},"135":{"start":{"line":312,"column":4},"end":{"line":312,"column":68}},"136":{"start":{"line":317,"column":4},"end":{"line":317,"column":13188}},"137":{"start":{"line":318,"column":6},"end":{"line":318,"column":65}},"138":{"start":{"line":319,"column":6},"end":{"line":319,"column":54}},"139":{"start":{"line":320,"column":6},"end":{"line":320,"column":13346}},"140":{"start":{"line":321,"column":8},"end":{"line":321,"column":90}},"141":{"start":{"line":322,"column":8},"end":{"line":322,"column":118}},"142":{"start":{"line":323,"column":8},"end":{"line":323,"column":13618}},"143":{"start":{"line":324,"column":10},"end":{"line":324,"column":94}},"144":{"start":{"line":325,"column":10},"end":{"line":325,"column":80}},"145":{"start":{"line":333,"column":4},"end":{"line":333,"column":37}},"146":{"start":{"line":333,"column":26},"end":{"line":333,"column":37}},"147":{"start":{"line":335,"column":4},"end":{"line":335,"column":14087}},"148":{"start":{"line":336,"column":6},"end":{"line":336,"column":14145}},"149":{"start":{"line":337,"column":8},"end":{"line":337,"column":19}},"150":{"start":{"line":340,"column":4},"end":{"line":340,"column":16}}},"branchMap":{"1":{"line":41,"type":"if","locations":[{"start":{"line":41,"column":4},"end":{"line":41,"column":4}},{"start":{"line":41,"column":4},"end":{"line":41,"column":4}}]},"2":{"line":57,"type":"if","locations":[{"start":{"line":57,"column":4},"end":{"line":57,"column":4}},{"start":{"line":57,"column":4},"end":{"line":57,"column":4}}]},"3":{"line":62,"type":"if","locations":[{"start":{"line":62,"column":6},"end":{"line":62,"column":6}},{"start":{"line":62,"column":6},"end":{"line":62,"column":6}}]},"4":{"line":88,"type":"if","locations":[{"start":{"line":88,"column":4},"end":{"line":88,"column":4}},{"start":{"line":88,"column":4},"end":{"line":88,"column":4}}]},"5":{"line":90,"type":"if","locations":[{"start":{"line":90,"column":4},"end":{"line":90,"column":4}},{"start":{"line":90,"column":4},"end":{"line":90,"column":4}}]},"6":{"line":97,"type":"if","locations":[{"start":{"line":97,"column":6},"end":{"line":97,"column":6}},{"start":{"line":97,"column":6},"end":{"line":97,"column":6}}]},"7":{"line":107,"type":"if","locations":[{"start":{"line":107,"column":4},"end":{"line":107,"column":4}},{"start":{"line":107,"column":4},"end":{"line":107,"column":4}}]},"8":{"line":121,"type":"if","locations":[{"start":{"line":121,"column":4},"end":{"line":121,"column":4}},{"start":{"line":121,"column":4},"end":{"line":121,"column":4}}]},"9":{"line":122,"type":"if","locations":[{"start":{"line":122,"column":4},"end":{"line":122,"column":4}},{"start":{"line":122,"column":4},"end":{"line":122,"column":4}}]},"10":{"line":165,"type":"if","locations":[{"start":{"line":165,"column":4},"end":{"line":165,"column":4}},{"start":{"line":165,"column":4},"end":{"line":165,"column":4}}]},"11":{"line":166,"type":"if","locations":[{"start":{"line":166,"column":4},"end":{"line":166,"column":4}},{"start":{"line":166,"column":4},"end":{"line":166,"column":4}}]},"12":{"line":170,"type":"if","locations":[{"start":{"line":170,"column":4},"end":{"line":170,"column":4}},{"start":{"line":170,"column":4},"end":{"line":170,"column":4}}]},"13":{"line":173,"type":"if","locations":[{"start":{"line":173,"column":6},"end":{"line":173,"column":6}},{"start":{"line":173,"column":6},"end":{"line":173,"column":6}}]},"14":{"line":175,"type":"if","locations":[{"start":{"line":175,"column":8},"end":{"line":175,"column":8}},{"start":{"line":175,"column":8},"end":{"line":175,"column":8}}]},"15":{"line":176,"type":"if","locations":[{"start":{"line":176,"column":8},"end":{"line":176,"column":8}},{"start":{"line":176,"column":8},"end":{"line":176,"column":8}}]},"16":{"line":204,"type":"if","locations":[{"start":{"line":204,"column":4},"end":{"line":204,"column":4}},{"start":{"line":204,"column":4},"end":{"line":204,"column":4}}]},"17":{"line":207,"type":"if","locations":[{"start":{"line":207,"column":4},"end":{"line":207,"column":4}},{"start":{"line":207,"column":4},"end":{"line":207,"column":4}}]},"18":{"line":208,"type":"if","locations":[{"start":{"line":208,"column":4},"end":{"line":208,"column":4}},{"start":{"line":208,"column":4},"end":{"line":208,"column":4}}]},"19":{"line":230,"type":"if","locations":[{"start":{"line":230,"column":6},"end":{"line":230,"column":6}},{"start":{"line":230,"column":6},"end":{"line":230,"column":6}}]},"20":{"line":252,"type":"if","locations":[{"start":{"line":252,"column":4},"end":{"line":252,"column":4}},{"start":{"line":252,"column":4},"end":{"line":252,"column":4}}]},"21":{"line":255,"type":"if","locations":[{"start":{"line":255,"column":4},"end":{"line":255,"column":4}},{"start":{"line":255,"column":4},"end":{"line":255,"column":4}}]},"22":{"line":258,"type":"if","locations":[{"start":{"line":258,"column":6},"end":{"line":258,"column":6}},{"start":{"line":258,"column":6},"end":{"line":258,"column":6}}]},"23":{"line":259,"type":"if","locations":[{"start":{"line":259,"column":6},"end":{"line":259,"column":6}},{"start":{"line":259,"column":6},"end":{"line":259,"column":6}}]},"24":{"line":264,"type":"if","locations":[{"start":{"line":264,"column":4},"end":{"line":264,"column":4}},{"start":{"line":264,"column":4},"end":{"line":264,"column":4}}]},"25":{"line":276,"type":"if","locations":[{"start":{"line":276,"column":4},"end":{"line":276,"column":4}},{"start":{"line":276,"column":4},"end":{"line":276,"column":4}}]},"26":{"line":285,"type":"if","locations":[{"start":{"line":285,"column":6},"end":{"line":285,"column":6}},{"start":{"line":285,"column":6},"end":{"line":285,"column":6}}]},"27":{"line":297,"type":"if","locations":[{"start":{"line":297,"column":4},"end":{"line":297,"column":4}},{"start":{"line":297,"column":4},"end":{"line":297,"column":4}}]},"28":{"line":300,"type":"if","locations":[{"start":{"line":300,"column":11},"end":{"line":300,"column":11}},{"start":{"line":300,"column":11},"end":{"line":300,"column":11}}]},"29":{"line":307,"type":"if","locations":[{"start":{"line":307,"column":4},"end":{"line":307,"column":4}},{"start":{"line":307,"column":4},"end":{"line":307,"column":4}}]},"30":{"line":317,"type":"if","locations":[{"start":{"line":317,"column":4},"end":{"line":317,"column":4}},{"start":{"line":317,"column":4},"end":{"line":317,"column":4}}]},"31":{"line":323,"type":"if","locations":[{"start":{"line":323,"column":8},"end":{"line":323,"column":8}},{"start":{"line":323,"column":8},"end":{"line":323,"column":8}}]},"32":{"line":333,"type":"if","locations":[{"start":{"line":333,"column":4},"end":{"line":333,"column":4}},{"start":{"line":333,"column":4},"end":{"line":333,"column":4}}]},"33":{"line":336,"type":"if","locations":[{"start":{"line":336,"column":6},"end":{"line":336,"column":6}},{"start":{"line":336,"column":6},"end":{"line":336,"column":6}}]}}},
"contracts\\interfaces\\IBonusRewards.sol":{"l":{},"path":"D:\\dev\\github-mimir-solutions\\cover-rewards\\contracts\\interfaces\\IBonusRewards.sol","s":{},"b":{},"f":{},"fnMap":{},"statementMap":{},"branchMap":{}},
"contracts\\interfaces\\IERC20.sol":{"l":{},"path":"D:\\dev\\github-mimir-solutions\\cover-rewards\\contracts\\interfaces\\IERC20.sol","s":{},"b":{},"f":{},"fnMap":{},"statementMap":{},"branchMap":{}},
"contracts\\test\\ERC20.sol":{"l":{"44":9,"45":9,"46":9,"50":50,"54":0,"58":9,"59":9,"63":0,"67":5,"68":5,"74":7,"75":7,"76":7,"80":0,"81":0,"85":0,"86":0,"90":6,"92":6,"93":6,"94":6,"98":12,"99":12,"101":12,"102":12,"106":16,"107":16,"109":16,"110":16,"111":16,"115":0,"117":0,"118":0,"119":0},"path":"D:\\dev\\github-mimir-solutions\\cover-rewards\\contracts\\test\\ERC20.sol","s":{"1":9,"2":9,"3":9,"4":50,"5":0,"6":9,"7":9,"8":0,"9":5,"10":5,"11":7,"12":7,"13":7,"14":0,"15":0,"16":0,"17":0,"18":6,"19":6,"20":6,"21":6,"22":12,"23":12,"24":12,"25":12,"26":16,"27":16,"28":16,"29":16,"30":16,"31":0,"32":0,"33":0,"34":0},"b":{"1":[6,0],"2":[12,0],"3":[12,0],"4":[16,0],"5":[16,0],"6":[0,0]},"f":{"1":9,"2":50,"3":0,"4":9,"5":0,"6":5,"7":7,"8":0,"9":0,"10":6,"11":12,"12":16,"13":0},"fnMap":{"1":{"name":"constructor","line":43,"loc":{"start":{"line":43,"column":2},"end":{"line":47,"column":2}}},"2":{"name":"balanceOf","line":49,"loc":{"start":{"line":49,"column":2},"end":{"line":51,"column":2}}},"3":{"name":"totalSupply","line":53,"loc":{"start":{"line":53,"column":2},"end":{"line":55,"column":2}}},"4":{"name":"transfer","line":57,"loc":{"start":{"line":57,"column":2},"end":{"line":60,"column":2}}},"5":{"name":"allowance","line":62,"loc":{"start":{"line":62,"column":2},"end":{"line":64,"column":2}}},"6":{"name":"approve","line":66,"loc":{"start":{"line":66,"column":2},"end":{"line":69,"column":2}}},"7":{"name":"transferFrom","line":71,"loc":{"start":{"line":71,"column":2},"end":{"line":77,"column":2}}},"8":{"name":"increaseAllowance","line":79,"loc":{"start":{"line":79,"column":2},"end":{"line":82,"column":2}}},"9":{"name":"decreaseAllowance","line":84,"loc":{"start":{"line":84,"column":2},"end":{"line":87,"column":2}}},"10":{"name":"mint","line":89,"loc":{"start":{"line":89,"column":2},"end":{"line":95,"column":2}}},"11":{"name":"_approve","line":97,"loc":{"start":{"line":97,"column":2},"end":{"line":103,"column":2}}},"12":{"name":"_transfer","line":105,"loc":{"start":{"line":105,"column":2},"end":{"line":112,"column":2}}},"13":{"name":"_burn","line":114,"loc":{"start":{"line":114,"column":2},"end":{"line":120,"column":2}}}},"statementMap":{"1":{"start":{"line":44,"column":4},"end":{"line":44,"column":15}},"2":{"start":{"line":45,"column":4},"end":{"line":45,"column":19}},"3":{"start":{"line":46,"column":4},"end":{"line":46,"column":16}},"4":{"start":{"line":50,"column":4},"end":{"line":50,"column":29}},"5":{"start":{"line":54,"column":4},"end":{"line":54,"column":23}},"6":{"start":{"line":58,"column":4},"end":{"line":58,"column":43}},"7":{"start":{"line":59,"column":4},"end":{"line":59,"column":15}},"8":{"start":{"line":63,"column":4},"end":{"line":63,"column":38}},"9":{"start":{"line":67,"column":4},"end":{"line":67,"column":40}},"10":{"start":{"line":68,"column":4},"end":{"line":68,"column":15}},"11":{"start":{"line":74,"column":4},"end":{"line":74,"column":39}},"12":{"start":{"line":75,"column":4},"end":{"line":75,"column":73}},"13":{"start":{"line":76,"column":4},"end":{"line":76,"column":15}},"14":{"start":{"line":80,"column":4},"end":{"line":80,"column":79}},"15":{"start":{"line":81,"column":4},"end":{"line":81,"column":15}},"16":{"start":{"line":85,"column":4},"end":{"line":85,"column":84}},"17":{"start":{"line":86,"column":4},"end":{"line":86,"column":15}},"18":{"start":{"line":90,"column":4},"end":{"line":90,"column":69}},"19":{"start":{"line":92,"column":4},"end":{"line":92,"column":40}},"20":{"start":{"line":93,"column":4},"end":{"line":93,"column":54}},"21":{"start":{"line":94,"column":4},"end":{"line":94,"column":48}},"22":{"start":{"line":98,"column":4},"end":{"line":98,"column":71}},"23":{"start":{"line":99,"column":4},"end":{"line":99,"column":71}},"24":{"start":{"line":101,"column":4},"end":{"line":101,"column":39}},"25":{"start":{"line":102,"column":4},"end":{"line":102,"column":41}},"26":{"start":{"line":106,"column":4},"end":{"line":106,"column":73}},"27":{"start":{"line":107,"column":4},"end":{"line":107,"column":74}},"28":{"start":{"line":109,"column":4},"end":{"line":109,"column":49}},"29":{"start":{"line":110,"column":4},"end":{"line":110,"column":55}},"30":{"start":{"line":111,"column":4},"end":{"line":111,"column":44}},"31":{"start":{"line":115,"column":4},"end":{"line":115,"column":70}},"32":{"start":{"line":117,"column":4},"end":{"line":117,"column":51}},"33":{"start":{"line":118,"column":4},"end":{"line":118,"column":39}},"34":{"start":{"line":119,"column":4},"end":{"line":119,"column":46}}},"branchMap":{"1":{"line":90,"type":"if","locations":[{"start":{"line":90,"column":4},"end":{"line":90,"column":4}},{"start":{"line":90,"column":4},"end":{"line":90,"column":4}}]},"2":{"line":98,"type":"if","locations":[{"start":{"line":98,"column":4},"end":{"line":98,"column":4}},{"start":{"line":98,"column":4},"end":{"line":98,"column":4}}]},"3":{"line":99,"type":"if","locations":[{"start":{"line":99,"column":4},"end":{"line":99,"column":4}},{"start":{"line":99,"column":4},"end":{"line":99,"column":4}}]},"4":{"line":106,"type":"if","locations":[{"start":{"line":106,"column":4},"end":{"line":106,"column":4}},{"start":{"line":106,"column":4},"end":{"line":106,"column":4}}]},"5":{"line":107,"type":"if","locations":[{"start":{"line":107,"column":4},"end":{"line":107,"column":4}},{"start":{"line":107,"column":4},"end":{"line":107,"column":4}}]},"6":{"line":115,"type":"if","locations":[{"start":{"line":115,"column":4},"end":{"line":115,"column":4}},{"start":{"line":115,"column":4},"end":{"line":115,"column":4}}]}}},
"contracts\\utils\\Address.sol":{"l":{"38":14,"39":14,"41":14,"42":14,"62":0,"65":0,"66":0,"88":0,"98":14,"113":0,"123":0,"124":0,"128":14,"131":14,"132":14,"133":14,"136":0,"140":0,"145":0},"path":"D:\\dev\\github-mimir-solutions\\cover-rewards\\contracts\\utils\\Address.sol","s":{"1":14,"2":14,"3":14,"4":0,"5":0,"6":0,"7":0,"8":14,"9":0,"10":0,"11":0,"12":14,"13":14,"14":14,"15":14,"16":0,"17":0},"b":{"1":[0,0],"2":[0,0],"3":[0,0],"4":[14,0],"5":[14,0],"6":[0,0]},"f":{"1":14,"2":0,"3":0,"4":14,"5":0,"6":0,"7":14},"fnMap":{"1":{"name":"isContract","line":34,"loc":{"start":{"line":34,"column":4},"end":{"line":43,"column":4}}},"2":{"name":"sendValue","line":61,"loc":{"start":{"line":61,"column":4},"end":{"line":67,"column":4}}},"3":{"name":"functionCall","line":87,"loc":{"start":{"line":87,"column":4},"end":{"line":89,"column":4}}},"4":{"name":"functionCall","line":97,"loc":{"start":{"line":97,"column":4},"end":{"line":99,"column":4}}},"5":{"name":"functionCallWithValue","line":112,"loc":{"start":{"line":112,"column":4},"end":{"line":114,"column":4}}},"6":{"name":"functionCallWithValue","line":122,"loc":{"start":{"line":122,"column":4},"end":{"line":125,"column":4}}},"7":{"name":"_functionCallWithValue","line":127,"loc":{"start":{"line":127,"column":4},"end":{"line":148,"column":4}}}},"statementMap":{"1":{"start":{"line":38,"column":8},"end":{"line":38,"column":24}},"2":{"start":{"line":39,"column":8},"end":{"line":39,"column":96}},"3":{"start":{"line":42,"column":8},"end":{"line":42,"column":59}},"4":{"start":{"line":62,"column":8},"end":{"line":62,"column":80}},"5":{"start":{"line":65,"column":8},"end":{"line":65,"column":62}},"6":{"start":{"line":66,"column":8},"end":{"line":66,"column":85}},"7":{"start":{"line":88,"column":6},"end":{"line":88,"column":73}},"8":{"start":{"line":98,"column":8},"end":{"line":98,"column":68}},"9":{"start":{"line":113,"column":8},"end":{"line":113,"column":102}},"10":{"start":{"line":123,"column":8},"end":{"line":123,"column":88}},"11":{"start":{"line":124,"column":8},"end":{"line":124,"column":72}},"12":{"start":{"line":128,"column":8},"end":{"line":128,"column":67}},"13":{"start":{"line":131,"column":8},"end":{"line":131,"column":86}},"14":{"start":{"line":132,"column":8},"end":{"line":132,"column":6004}},"15":{"start":{"line":133,"column":12},"end":{"line":133,"column":29}},"16":{"start":{"line":136,"column":12},"end":{"line":136,"column":6153}},"17":{"start":{"line":145,"column":16},"end":{"line":145,"column":35}}},"branchMap":{"1":{"line":62,"type":"if","locations":[{"start":{"line":62,"column":8},"end":{"line":62,"column":8}},{"start":{"line":62,"column":8},"end":{"line":62,"column":8}}]},"2":{"line":66,"type":"if","locations":[{"start":{"line":66,"column":8},"end":{"line":66,"column":8}},{"start":{"line":66,"column":8},"end":{"line":66,"column":8}}]},"3":{"line":123,"type":"if","locations":[{"start":{"line":123,"column":8},"end":{"line":123,"column":8}},{"start":{"line":123,"column":8},"end":{"line":123,"column":8}}]},"4":{"line":128,"type":"if","locations":[{"start":{"line":128,"column":8},"end":{"line":128,"column":8}},{"start":{"line":128,"column":8},"end":{"line":128,"column":8}}]},"5":{"line":132,"type":"if","locations":[{"start":{"line":132,"column":8},"end":{"line":132,"column":8}},{"start":{"line":132,"column":8},"end":{"line":132,"column":8}}]},"6":{"line":136,"type":"if","locations":[{"start":{"line":136,"column":12},"end":{"line":136,"column":12}},{"start":{"line":136,"column":12},"end":{"line":136,"column":12}}]}}},
"contracts\\utils\\Ownable.sol":{"l":{"41":3,"42":3,"49":13,"56":11,"57":8,"65":0,"66":0,"67":0},"path":"D:\\dev\\github-mimir-solutions\\cover-rewards\\contracts\\utils\\Ownable.sol","s":{"1":3,"2":3,"3":13,"4":11,"5":0,"6":0,"7":0},"b":{"1":[8,3],"2":[0,0]},"f":{"1":3,"2":13,"3":11,"4":0},"fnMap":{"1":{"name":"constructor","line":40,"loc":{"start":{"line":40,"column":4},"end":{"line":43,"column":4}}},"2":{"name":"owner","line":48,"loc":{"start":{"line":48,"column":4},"end":{"line":50,"column":4}}},"3":{"name":"onlyOwner","line":55,"loc":{"start":{"line":55,"column":4},"end":{"line":58,"column":4}}},"4":{"name":"transferOwnership","line":64,"loc":{"start":{"line":64,"column":4},"end":{"line":68,"column":4}}}},"statementMap":{"1":{"start":{"line":41,"column":8},"end":{"line":41,"column":26}},"2":{"start":{"line":42,"column":8},"end":{"line":42,"column":53}},"3":{"start":{"line":49,"column":8},"end":{"line":49,"column":21}},"4":{"start":{"line":56,"column":8},"end":{"line":56,"column":72}},"5":{"start":{"line":65,"column":8},"end":{"line":65,"column":80}},"6":{"start":{"line":66,"column":8},"end":{"line":66,"column":51}},"7":{"start":{"line":67,"column":8},"end":{"line":67,"column":24}}},"branchMap":{"1":{"line":56,"type":"if","locations":[{"start":{"line":56,"column":8},"end":{"line":56,"column":8}},{"start":{"line":56,"column":8},"end":{"line":56,"column":8}}]},"2":{"line":65,"type":"if","locations":[{"start":{"line":65,"column":8},"end":{"line":65,"column":8}},{"start":{"line":65,"column":8},"end":{"line":65,"column":8}}]}}},
"contracts\\utils\\ReentrancyGuard.sol":{"l":{"44":3,"56":5,"59":5,"61":5,"65":5},"path":"D:\\dev\\github-mimir-solutions\\cover-rewards\\contracts\\utils\\ReentrancyGuard.sol","s":{"1":3,"2":5,"3":5,"4":5},"b":{"1":[5,0]},"f":{"1":3,"2":5},"fnMap":{"1":{"name":"constructor","line":43,"loc":{"start":{"line":43,"column":4},"end":{"line":45,"column":4}}},"2":{"name":"nonReentrant","line":54,"loc":{"start":{"line":54,"column":4},"end":{"line":66,"column":4}}}},"statementMap":{"1":{"start":{"line":44,"column":8},"end":{"line":44,"column":29}},"2":{"start":{"line":56,"column":8},"end":{"line":56,"column":70}},"3":{"start":{"line":59,"column":8},"end":{"line":59,"column":25}},"4":{"start":{"line":65,"column":8},"end":{"line":65,"column":29}}},"branchMap":{"1":{"line":56,"type":"if","locations":[{"start":{"line":56,"column":8},"end":{"line":56,"column":8}},{"start":{"line":56,"column":8},"end":{"line":56,"column":8}}]}}},
"contracts\\utils\\SafeERC20.sol":{"l":{"33":7,"37":7,"52":0,"55":0,"59":0,"60":0,"64":0,"65":0,"79":14,"80":14,"82":14},"path":"D:\\dev\\github-mimir-solutions\\cover-rewards\\contracts\\utils\\SafeERC20.sol","s":{"1":7,"2":7,"3":0,"4":0,"5":0,"6":0,"7":0,"8":0,"9":14,"10":14,"11":14},"b":{"1":[0,0],"2":[14,0],"3":[14,0]},"f":{"1":7,"2":7,"3":0,"4":0,"5":0,"6":14},"fnMap":{"1":{"name":"safeTransfer","line":32,"loc":{"start":{"line":32,"column":4},"end":{"line":34,"column":4}}},"2":{"name":"safeTransferFrom","line":36,"loc":{"start":{"line":36,"column":4},"end":{"line":38,"column":4}}},"3":{"name":"safeApprove","line":47,"loc":{"start":{"line":47,"column":4},"end":{"line":56,"column":4}}},"4":{"name":"safeIncreaseAllowance","line":58,"loc":{"start":{"line":58,"column":4},"end":{"line":61,"column":4}}},"5":{"name":"safeDecreaseAllowance","line":63,"loc":{"start":{"line":63,"column":4},"end":{"line":66,"column":4}}},"6":{"name":"_callOptionalReturn","line":74,"loc":{"start":{"line":74,"column":4},"end":{"line":84,"column":4}}}},"statementMap":{"1":{"start":{"line":33,"column":8},"end":{"line":33,"column":93}},"2":{"start":{"line":37,"column":8},"end":{"line":37,"column":103}},"3":{"start":{"line":52,"column":8},"end":{"line":52,"column":2136}},"4":{"start":{"line":55,"column":8},"end":{"line":55,"column":97}},"5":{"start":{"line":59,"column":8},"end":{"line":59,"column":78}},"6":{"start":{"line":60,"column":8},"end":{"line":60,"column":104}},"7":{"start":{"line":64,"column":8},"end":{"line":64,"column":78}},"8":{"start":{"line":65,"column":8},"end":{"line":65,"column":104}},"9":{"start":{"line":79,"column":8},"end":{"line":79,"column":103}},"10":{"start":{"line":80,"column":8},"end":{"line":80,"column":3900}},"11":{"start":{"line":82,"column":12},"end":{"line":82,"column":96}}},"branchMap":{"1":{"line":52,"type":"if","locations":[{"start":{"line":52,"column":8},"end":{"line":52,"column":8}},{"start":{"line":52,"column":8},"end":{"line":52,"column":8}}]},"2":{"line":80,"type":"if","locations":[{"start":{"line":80,"column":8},"end":{"line":80,"column":8}},{"start":{"line":80,"column":8},"end":{"line":80,"column":8}}]},"3":{"line":82,"type":"if","locations":[{"start":{"line":82,"column":12},"end":{"line":82,"column":12}},{"start":{"line":82,"column":12},"end":{"line":82,"column":12}}]}}}}
