TN:
SF:D:\dev\github-mimir-solutions\cover-rewards\contracts\BonusRewards.sol
FN:40,notPaused
FN:45,getPoolList
FN:49,getPool
FN:53,viewRewards
FN:73,getUser
FN:77,getAuthorizers
FN:81,getResponders
FN:86,updatePool
FN:105,claimRewards
FN:114,claimRewardsForPools
FN:120,deposit
FN:135,withdraw
FN:149,emergencyWithdraw
FN:164,addBonus
FN:203,extendBonus
FN:226,addPoolsAndAllowBonus
FN:243,updatePools
FN:251,collectDust
FN:271,setResponders
FN:275,setPaused
FN:280,_updateUserWriteoffs
FN:294,_safeTransfer
FN:306,_calRewardsForTime
FN:315,_claimRewards
FN:332,_isAuthorized
FNF:25
FNH:22
FNDA:14,notPaused
FNDA:1,getPoolList
FNDA:3,getPool
FNDA:2,viewRewards
FNDA:1,getUser
FNDA:1,getAuthorizers
FNDA:0,getResponders
FNDA:7,updatePool
FNDA:6,claimRewards
FNDA:0,claimRewardsForPools
FNDA:3,deposit
FNDA:1,withdraw
FNDA:1,emergencyWithdraw
FNDA:6,addBonus
FNDA:1,extendBonus
FNDA:2,addPoolsAndAllowBonus
FNDA:0,updatePools
FNDA:4,collectDust
FNDA:1,setResponders
FNDA:3,setPaused
FNDA:7,_updateUserWriteoffs
FNDA:7,_safeTransfer
FNDA:7,_calRewardsForTime
FNDA:7,_claimRewards
FNDA:10,_isAuthorized
DA:41,14
DA:42,13
DA:46,1
DA:50,3
DA:54,2
DA:55,2
DA:56,2
DA:57,2
DA:59,2
DA:60,2
DA:61,2
DA:62,2
DA:63,2
DA:64,2
DA:65,2
DA:66,2
DA:67,2
DA:70,2
DA:74,1
DA:78,1
DA:82,0
DA:87,7
DA:88,7
DA:89,5
DA:90,5
DA:91,1
DA:92,1
DA:95,4
DA:96,5
DA:97,5
DA:98,5
DA:99,5
DA:102,4
DA:106,6
DA:107,6
DA:109,3
DA:110,3
DA:111,3
DA:115,0
DA:116,0
DA:121,3
DA:122,3
DA:124,3
DA:125,3
DA:126,3
DA:127,3
DA:128,3
DA:130,3
DA:131,3
DA:136,1
DA:138,1
DA:139,1
DA:140,1
DA:141,1
DA:142,1
DA:144,1
DA:145,1
DA:150,1
DA:151,1
DA:152,1
DA:153,1
DA:154,1
DA:165,6
DA:166,5
DA:169,5
DA:170,5
DA:171,5
DA:172,5
DA:173,5
DA:175,3
DA:176,2
DA:180,3
DA:181,3
DA:182,3
DA:183,3
DA:185,3
DA:187,3
DA:204,1
DA:206,1
DA:207,1
DA:208,1
DA:210,1
DA:211,1
DA:212,1
DA:213,1
DA:215,1
DA:217,1
DA:218,1
DA:228,2
DA:229,1
DA:230,1
DA:231,1
DA:232,1
DA:236,2
DA:237,2
DA:238,2
DA:244,0
DA:245,0
DA:246,0
DA:252,4
DA:254,3
DA:255,3
DA:257,2
DA:258,2
DA:259,2
DA:260,1
DA:261,1
DA:264,2
DA:265,0
DA:267,2
DA:272,1
DA:276,3
DA:277,2
DA:281,7
DA:282,7
DA:283,7
DA:285,9
DA:286,3
DA:288,6
DA:295,7
DA:296,7
DA:297,7
DA:298,7
DA:299,7
DA:301,0
DA:302,0
DA:307,7
DA:309,7
DA:310,7
DA:311,7
DA:312,7
DA:317,7
DA:318,5
DA:319,5
DA:320,5
DA:321,7
DA:322,7
DA:323,7
DA:324,5
DA:325,5
DA:333,10
DA:335,9
DA:336,9
DA:337,7
DA:340,2
LF:145
LH:136
BRDA:41,1,0,13
BRDA:41,1,1,1
BRDA:57,2,0,0
BRDA:57,2,1,2
BRDA:62,3,0,2
BRDA:62,3,1,0
BRDA:88,4,0,2
BRDA:88,4,1,5
BRDA:90,5,0,1
BRDA:90,5,1,4
BRDA:97,6,0,5
BRDA:97,6,1,0
BRDA:107,7,0,3
BRDA:107,7,1,3
BRDA:121,8,0,3
BRDA:121,8,1,0
BRDA:122,9,0,3
BRDA:122,9,1,0
BRDA:165,10,0,5
BRDA:165,10,1,1
BRDA:166,11,0,5
BRDA:166,11,1,0
BRDA:170,12,0,5
BRDA:170,12,1,0
BRDA:173,13,0,3
BRDA:173,13,1,2
BRDA:175,14,0,2
BRDA:175,14,1,1
BRDA:176,15,0,1
BRDA:176,15,1,1
BRDA:204,16,0,1
BRDA:204,16,1,0
BRDA:207,17,0,1
BRDA:207,17,1,0
BRDA:208,18,0,1
BRDA:208,18,1,0
BRDA:230,19,0,1
BRDA:230,19,1,0
BRDA:252,20,0,3
BRDA:252,20,1,1
BRDA:255,21,0,2
BRDA:255,21,1,1
BRDA:258,22,0,2
BRDA:258,22,1,0
BRDA:259,23,0,1
BRDA:259,23,1,1
BRDA:264,24,0,0
BRDA:264,24,1,2
BRDA:276,25,0,2
BRDA:276,25,1,1
BRDA:285,26,0,3
BRDA:285,26,1,6
BRDA:297,27,0,7
BRDA:297,27,1,0
BRDA:300,28,0,0
BRDA:300,28,1,0
BRDA:307,29,0,0
BRDA:307,29,1,7
BRDA:317,30,0,5
BRDA:317,30,1,2
BRDA:323,31,0,5
BRDA:323,31,1,2
BRDA:333,32,0,1
BRDA:333,32,1,9
BRDA:336,33,0,7
BRDA:336,33,1,2
BRF:66
BRH:49
end_of_record
TN:
SF:D:\dev\github-mimir-solutions\cover-rewards\contracts\interfaces\IBonusRewards.sol
FNF:0
FNH:0
LF:0
LH:0
BRF:0
BRH:0
end_of_record
TN:
SF:D:\dev\github-mimir-solutions\cover-rewards\contracts\interfaces\IERC20.sol
FNF:0
FNH:0
LF:0
LH:0
BRF:0
BRH:0
end_of_record
TN:
SF:D:\dev\github-mimir-solutions\cover-rewards\contracts\test\ERC20.sol
FN:43,constructor
FN:49,balanceOf
FN:53,totalSupply
FN:57,transfer
FN:62,allowance
FN:66,approve
FN:71,transferFrom
FN:79,increaseAllowance
FN:84,decreaseAllowance
FN:89,mint
FN:97,_approve
FN:105,_transfer
FN:114,_burn
FNF:13
FNH:8
FNDA:9,constructor
FNDA:50,balanceOf
FNDA:0,totalSupply
FNDA:9,transfer
FNDA:0,allowance
FNDA:5,approve
FNDA:7,transferFrom
FNDA:0,increaseAllowance
FNDA:0,decreaseAllowance
FNDA:6,mint
FNDA:12,_approve
FNDA:16,_transfer
FNDA:0,_burn
DA:44,9
DA:45,9
DA:46,9
DA:50,50
DA:54,0
DA:58,9
DA:59,9
DA:63,0
DA:67,5
DA:68,5
DA:74,7
DA:75,7
DA:76,7
DA:80,0
DA:81,0
DA:85,0
DA:86,0
DA:90,6
DA:92,6
DA:93,6
DA:94,6
DA:98,12
DA:99,12
DA:101,12
DA:102,12
DA:106,16
DA:107,16
DA:109,16
DA:110,16
DA:111,16
DA:115,0
DA:117,0
DA:118,0
DA:119,0
LF:34
LH:24
BRDA:90,1,0,6
BRDA:90,1,1,0
BRDA:98,2,0,12
BRDA:98,2,1,0
BRDA:99,3,0,12
BRDA:99,3,1,0
BRDA:106,4,0,16
BRDA:106,4,1,0
BRDA:107,5,0,16
BRDA:107,5,1,0
BRDA:115,6,0,0
BRDA:115,6,1,0
BRF:12
BRH:5
end_of_record
TN:
SF:D:\dev\github-mimir-solutions\cover-rewards\contracts\utils\Address.sol
FN:34,isContract
FN:61,sendValue
FN:87,functionCall
FN:97,functionCall
FN:112,functionCallWithValue
FN:122,functionCallWithValue
FN:127,_functionCallWithValue
FNF:7
FNH:3
FNDA:14,isContract
FNDA:0,sendValue
FNDA:0,functionCall
FNDA:14,functionCall
FNDA:0,functionCallWithValue
FNDA:0,functionCallWithValue
FNDA:14,_functionCallWithValue
DA:38,14
DA:39,14
DA:41,14
DA:42,14
DA:62,0
DA:65,0
DA:66,0
DA:88,0
DA:98,14
DA:113,0
DA:123,0
DA:124,0
DA:128,14
DA:131,14
DA:132,14
DA:133,14
DA:136,0
DA:140,0
DA:145,0
LF:19
LH:9
BRDA:62,1,0,0
BRDA:62,1,1,0
BRDA:66,2,0,0
BRDA:66,2,1,0
BRDA:123,3,0,0
BRDA:123,3,1,0
BRDA:128,4,0,14
BRDA:128,4,1,0
BRDA:132,5,0,14
BRDA:132,5,1,0
BRDA:136,6,0,0
BRDA:136,6,1,0
BRF:12
BRH:2
end_of_record
TN:
SF:D:\dev\github-mimir-solutions\cover-rewards\contracts\utils\Ownable.sol
FN:40,constructor
FN:48,owner
FN:55,onlyOwner
FN:64,transferOwnership
FNF:4
FNH:3
FNDA:3,constructor
FNDA:13,owner
FNDA:11,onlyOwner
FNDA:0,transferOwnership
DA:41,3
DA:42,3
DA:49,13
DA:56,11
DA:57,8
DA:65,0
DA:66,0
DA:67,0
LF:8
LH:5
BRDA:56,1,0,8
BRDA:56,1,1,3
BRDA:65,2,0,0
BRDA:65,2,1,0
BRF:4
BRH:2
end_of_record
TN:
SF:D:\dev\github-mimir-solutions\cover-rewards\contracts\utils\ReentrancyGuard.sol
FN:43,constructor
FN:54,nonReentrant
FNF:2
FNH:2
FNDA:3,constructor
FNDA:5,nonReentrant
DA:44,3
DA:56,5
DA:59,5
DA:61,5
DA:65,5
LF:5
LH:5
BRDA:56,1,0,5
BRDA:56,1,1,0
BRF:2
BRH:1
end_of_record
TN:
SF:D:\dev\github-mimir-solutions\cover-rewards\contracts\utils\SafeERC20.sol
FN:32,safeTransfer
FN:36,safeTransferFrom
FN:47,safeApprove
FN:58,safeIncreaseAllowance
FN:63,safeDecreaseAllowance
FN:74,_callOptionalReturn
FNF:6
FNH:3
FNDA:7,safeTransfer
FNDA:7,safeTransferFrom
FNDA:0,safeApprove
FNDA:0,safeIncreaseAllowance
FNDA:0,safeDecreaseAllowance
FNDA:14,_callOptionalReturn
DA:33,7
DA:37,7
DA:52,0
DA:55,0
DA:59,0
DA:60,0
DA:64,0
DA:65,0
DA:79,14
DA:80,14
DA:82,14
LF:11
LH:5
BRDA:52,1,0,0
BRDA:52,1,1,0
BRDA:80,2,0,14
BRDA:80,2,1,0
BRDA:82,3,0,14
BRDA:82,3,1,0
BRF:6
BRH:2
end_of_record
